<?xml version="1.0" encoding="UTF-8"?>
<!-- Generated by org.testng.reporters.JUnitReportReporter -->
<testsuite hostname="AKSHAYKALLURWAR" name="com.classicCrm.qa.test.LoginPageClassicCrmTest" tests="1" failures="0" timestamp="25 Mar 2020 07:35:04 GMT" time="33.601" errors="0">
  <testcase name="validateLoginFunctionalityTest" time="33.601" classname="com.classicCrm.qa.test.LoginPageClassicCrmTest"/>
</testsuite> <!-- com.classicCrm.qa.test.LoginPageClassicCrmTest -->
