<?xml version="1.0" encoding="UTF-8"?>
<!-- Generated by org.testng.reporters.JUnitReportReporter -->
<testsuite hostname="AKSHAYKALLURWAR" name="com.classicCrm.qa.test.ContactsPageClassicCrmTest" tests="3" failures="0" timestamp="27 Mar 2020 11:01:22 GMT" time="62.935" errors="0">
  <testcase name="selectContactByNameTest" time="19.474" classname="com.classicCrm.qa.test.ContactsPageClassicCrmTest"/>
  <testcase name="validateContactsTableHeadingTest" time="20.261" classname="com.classicCrm.qa.test.ContactsPageClassicCrmTest"/>
  <testcase name="selectMultipleContactsByNameTest" time="23.200" classname="com.classicCrm.qa.test.ContactsPageClassicCrmTest"/>
</testsuite> <!-- com.classicCrm.qa.test.ContactsPageClassicCrmTest -->
