<?xml version="1.0" encoding="UTF-8"?>
<!-- Generated by org.testng.reporters.JUnitReportReporter -->
<testsuite hostname="AKSHAYKALLURWAR" name="com.classicCrm.qa.test.LoginPageClassicCrmTest" tests="3" failures="0" timestamp="27 Mar 2020 11:01:22 GMT" time="38.416" errors="0">
  <testcase name="validateLoginFunctionalityTest" time="19.043" classname="com.classicCrm.qa.test.LoginPageClassicCrmTest"/>
  <testcase name="validateLoginPageTitleTest" time="9.391" classname="com.classicCrm.qa.test.LoginPageClassicCrmTest"/>
  <testcase name="validateLoginPageLinksTest" time="9.982" classname="com.classicCrm.qa.test.LoginPageClassicCrmTest"/>
</testsuite> <!-- com.classicCrm.qa.test.LoginPageClassicCrmTest -->
