<?xml version="1.0" encoding="UTF-8"?>
<!-- Generated by org.testng.reporters.JUnitReportReporter -->
<testsuite hostname="AKSHAYKALLURWAR" name="com.classicCrm.qa.test.ContactsPageClassicCrmTest" tests="3" failures="0" timestamp="5 Apr 2020 16:43:58 GMT" time="70.666" errors="0">
  <testcase name="selectMultipleContactsByNameTest" time="37.349" classname="com.classicCrm.qa.test.ContactsPageClassicCrmTest"/>
  <testcase name="validateContactsTableHeadingTest" time="16.886" classname="com.classicCrm.qa.test.ContactsPageClassicCrmTest"/>
  <testcase name="selectContactByNameTest" time="16.431" classname="com.classicCrm.qa.test.ContactsPageClassicCrmTest"/>
</testsuite> <!-- com.classicCrm.qa.test.ContactsPageClassicCrmTest -->
