<?xml version="1.0" encoding="UTF-8"?>
<!-- Generated by org.testng.reporters.JUnitReportReporter -->
<testsuite hostname="AKSHAYKALLURWAR" name="com.classicCrm.qa.test.CreateNewCallPageClassicCrmTest" tests="2" failures="0" timestamp="20 Apr 2020 08:16:15 GMT" time="61.032" errors="0">
  <testcase name="createNewCallValidation" time="30.919" classname="com.classicCrm.qa.test.CreateNewCallPageClassicCrmTest"/>
  <testcase name="createNewCallValidation" time="30.113" classname="com.classicCrm.qa.test.CreateNewCallPageClassicCrmTest"/>
</testsuite> <!-- com.classicCrm.qa.test.CreateNewCallPageClassicCrmTest -->
