<?xml version="1.0" encoding="UTF-8"?>
<!-- Generated by org.testng.reporters.JUnitReportReporter -->
<testsuite hostname="AKSHAYKALLURWAR" name="com.classicCrm.qa.test.LoginPageClassicCrmTest" tests="1" failures="0" timestamp="24 Mar 2020 10:22:05 GMT" time="12.578" errors="0">
  <testcase name="validateLoginPageLinksTest" time="12.578" classname="com.classicCrm.qa.test.LoginPageClassicCrmTest"/>
</testsuite> <!-- com.classicCrm.qa.test.LoginPageClassicCrmTest -->
