<?xml version="1.0" encoding="UTF-8"?>
<!-- Generated by org.testng.reporters.JUnitReportReporter -->
<testsuite hostname="AKSHAYKALLURWAR" name="com.classicCrm.qa.test.CreatedDealVerificationPageClassicCrmTest" tests="4" failures="0" timestamp="16 Apr 2020 08:10:17 GMT" time="107.879" errors="0">
  <testcase name="createdDealNumberMatchTest" time="25.491" classname="com.classicCrm.qa.test.CreatedDealVerificationPageClassicCrmTest"/>
  <testcase name="createdDealNumberMatchTest" time="23.830" classname="com.classicCrm.qa.test.CreatedDealVerificationPageClassicCrmTest"/>
  <testcase name="validateHeaderLinksPresentTest" time="21.837" classname="com.classicCrm.qa.test.CreatedDealVerificationPageClassicCrmTest"/>
  <testcase name="validateHeaderLinksPresentTest" time="36.721" classname="com.classicCrm.qa.test.CreatedDealVerificationPageClassicCrmTest"/>
</testsuite> <!-- com.classicCrm.qa.test.CreatedDealVerificationPageClassicCrmTest -->
