<?xml version="1.0" encoding="UTF-8"?>
<!-- Generated by org.testng.reporters.JUnitReportReporter -->
<testsuite hostname="AKSHAYKALLURWAR" name="com.classicCrm.qa.test.CreateNewContactPageClassicCrmTest" tests="1" failures="0" timestamp="30 Mar 2020 14:18:11 GMT" time="54.167" errors="0">
  <testcase name="createNewContactTest" time="54.167" classname="com.classicCrm.qa.test.CreateNewContactPageClassicCrmTest"/>
</testsuite> <!-- com.classicCrm.qa.test.CreateNewContactPageClassicCrmTest -->
