<?xml version="1.0" encoding="UTF-8"?>
<!-- Generated by org.testng.reporters.JUnitReportReporter -->
<testsuite hostname="AKSHAYKALLURWAR" name="com.classicCrm.qa.test.HomePageClassicCrmTest" tests="5" failures="0" timestamp="5 Apr 2020 16:43:58 GMT" time="75.818" errors="0">
  <testcase name="validateLoggedInUserLabelTest" time="16.472" classname="com.classicCrm.qa.test.HomePageClassicCrmTest"/>
  <testcase name="validateclickOnTasksLink" time="15.659" classname="com.classicCrm.qa.test.HomePageClassicCrmTest"/>
  <testcase name="validateHomePageTitleTest" time="13.371" classname="com.classicCrm.qa.test.HomePageClassicCrmTest"/>
  <testcase name="validateclickOnContactsLinkTest" time="14.791" classname="com.classicCrm.qa.test.HomePageClassicCrmTest"/>
  <testcase name="validateclickOnDealsLinkTest" time="15.525" classname="com.classicCrm.qa.test.HomePageClassicCrmTest"/>
</testsuite> <!-- com.classicCrm.qa.test.HomePageClassicCrmTest -->
