<?xml version="1.0" encoding="UTF-8"?>
<!-- Generated by org.testng.reporters.JUnitReportReporter -->
<testsuite hostname="AKSHAYKALLURWAR" name="com.classicCrm.qa.test.HomePageClassicCrmTest" tests="5" failures="0" timestamp="27 Mar 2020 11:01:22 GMT" time="90.174" errors="0">
  <testcase name="validateclickOnContactsLinkTest" time="18.304" classname="com.classicCrm.qa.test.HomePageClassicCrmTest"/>
  <testcase name="validateclickOnTasksLink" time="18.934" classname="com.classicCrm.qa.test.HomePageClassicCrmTest"/>
  <testcase name="validateLoggedInUserLabelTest" time="17.953" classname="com.classicCrm.qa.test.HomePageClassicCrmTest"/>
  <testcase name="validateclickOnDealsLinkTest" time="17.322" classname="com.classicCrm.qa.test.HomePageClassicCrmTest"/>
  <testcase name="validateHomePageTitleTest" time="17.661" classname="com.classicCrm.qa.test.HomePageClassicCrmTest"/>
</testsuite> <!-- com.classicCrm.qa.test.HomePageClassicCrmTest -->
