<?xml version="1.0" encoding="UTF-8"?>
<!-- Generated by org.testng.reporters.JUnitReportReporter -->
<testsuite hostname="AKSHAYKALLURWAR" name="com.classicCrm.qa.test.LoginPageClassicCrmTest" tests="3" failures="0" timestamp="5 Apr 2020 16:43:58 GMT" time="32.689" errors="0">
  <testcase name="validateLoginPageLinksTest" time="10.103" classname="com.classicCrm.qa.test.LoginPageClassicCrmTest"/>
  <testcase name="validateLoginFunctionalityTest" time="13.536" classname="com.classicCrm.qa.test.LoginPageClassicCrmTest"/>
  <testcase name="validateLoginPageTitleTest" time="9.050" classname="com.classicCrm.qa.test.LoginPageClassicCrmTest"/>
</testsuite> <!-- com.classicCrm.qa.test.LoginPageClassicCrmTest -->
