<?xml version="1.0" encoding="UTF-8"?>
<!-- Generated by org.testng.reporters.JUnitReportReporter -->
<testsuite hostname="AKSHAYKALLURWAR" name="com.classicCrm.qa.test.CreateNewDealsPageClassicCrmTest" tests="2" failures="0" timestamp="5 Apr 2020 17:00:33 GMT" time="45.340" errors="0">
  <testcase name="validateCreateNewDealTest" time="21.649" classname="com.classicCrm.qa.test.CreateNewDealsPageClassicCrmTest"/>
  <testcase name="validateCreateNewDealTest" time="23.691" classname="com.classicCrm.qa.test.CreateNewDealsPageClassicCrmTest"/>
</testsuite> <!-- com.classicCrm.qa.test.CreateNewDealsPageClassicCrmTest -->
