<?xml version="1.0" encoding="UTF-8"?>
<!-- Generated by org.testng.reporters.JUnitReportReporter -->
<testsuite hostname="AKSHAYKALLURWAR" name="com.classicCrm.qa.test.CreateNewContactPageClassicCrmTest" tests="1" failures="0" timestamp="29 Mar 2020 20:48:10 GMT" time="26.786" errors="0">
  <testcase name="createNewContactTest" time="26.786" classname="com.classicCrm.qa.test.CreateNewContactPageClassicCrmTest"/>
</testsuite> <!-- com.classicCrm.qa.test.CreateNewContactPageClassicCrmTest -->
