<?xml version="1.0" encoding="UTF-8"?>
<!-- Generated by org.testng.reporters.JUnitReportReporter -->
<testsuite hostname="AKSHAYKALLURWAR" name="com.classicCrm.qa.test.CreateNewDealsPageClassicCrmTest" tests="2" failures="0" timestamp="3 Apr 2020 13:13:29 GMT" time="45.903" errors="0">
  <testcase name="validateCreateNewDealTest" time="23.660" classname="com.classicCrm.qa.test.CreateNewDealsPageClassicCrmTest"/>
  <testcase name="validateCreateNewDealTest" time="22.243" classname="com.classicCrm.qa.test.CreateNewDealsPageClassicCrmTest"/>
</testsuite> <!-- com.classicCrm.qa.test.CreateNewDealsPageClassicCrmTest -->
