<?xml version="1.0" encoding="UTF-8"?>
<!-- Generated by org.testng.reporters.JUnitReportReporter -->
<testsuite hostname="AKSHAYKALLURWAR" name="com.classicCrm.qa.test.CreatedDealVerificationPageClassicCrmTest" tests="4" failures="0" timestamp="4 Apr 2020 19:13:03 GMT" time="86.756" errors="0">
  <testcase name="validateHeaderLinksPresentTest" time="23.094" classname="com.classicCrm.qa.test.CreatedDealVerificationPageClassicCrmTest"/>
  <testcase name="createdDealNumberMatchTest" time="21.970" classname="com.classicCrm.qa.test.CreatedDealVerificationPageClassicCrmTest"/>
  <testcase name="createdDealNumberMatchTest" time="20.282" classname="com.classicCrm.qa.test.CreatedDealVerificationPageClassicCrmTest"/>
  <testcase name="validateHeaderLinksPresentTest" time="21.410" classname="com.classicCrm.qa.test.CreatedDealVerificationPageClassicCrmTest"/>
</testsuite> <!-- com.classicCrm.qa.test.CreatedDealVerificationPageClassicCrmTest -->
