<?xml version="1.0" encoding="UTF-8"?>
<!-- Generated by org.testng.reporters.JUnitReportReporter -->
<testsuite hostname="AKSHAYKALLURWAR" name="com.classicCrm.qa.test.HomePageClassicCrmTest" tests="5" failures="0" timestamp="5 Apr 2020 19:26:06 GMT" time="90.266" errors="0">
  <testcase name="validateclickOnContactsLinkTest" time="16.877" classname="com.classicCrm.qa.test.HomePageClassicCrmTest"/>
  <testcase name="validateclickOnTasksLink" time="18.740" classname="com.classicCrm.qa.test.HomePageClassicCrmTest"/>
  <testcase name="validateLoggedInUserLabelTest" time="19.427" classname="com.classicCrm.qa.test.HomePageClassicCrmTest"/>
  <testcase name="validateclickOnDealsLinkTest" time="16.739" classname="com.classicCrm.qa.test.HomePageClassicCrmTest"/>
  <testcase name="validateHomePageTitleTest" time="18.483" classname="com.classicCrm.qa.test.HomePageClassicCrmTest"/>
</testsuite> <!-- com.classicCrm.qa.test.HomePageClassicCrmTest -->
