<?xml version="1.0" encoding="UTF-8"?>
<!-- Generated by org.testng.reporters.JUnitReportReporter -->
<testsuite hostname="AKSHAYKALLURWAR" name="com.classicCrm.qa.test.CreateNewContactPageClassicCrmTest" tests="1" failures="0" timestamp="5 Apr 2020 19:26:06 GMT" time="33.458" errors="0">
  <testcase name="createNewContactTest" time="33.458" classname="com.classicCrm.qa.test.CreateNewContactPageClassicCrmTest"/>
</testsuite> <!-- com.classicCrm.qa.test.CreateNewContactPageClassicCrmTest -->
