<?xml version="1.0" encoding="UTF-8"?>
<!-- Generated by org.testng.reporters.JUnitReportReporter -->
<testsuite hostname="AKSHAYKALLURWAR" name="com.classicCrm.qa.test.LoginPageClassicCrmTest" tests="3" failures="0" timestamp="5 Apr 2020 19:26:06 GMT" time="44.560" errors="0">
  <testcase name="validateLoginFunctionalityTest" time="18.473" classname="com.classicCrm.qa.test.LoginPageClassicCrmTest"/>
  <testcase name="validateLoginPageLinksTest" time="16.997" classname="com.classicCrm.qa.test.LoginPageClassicCrmTest"/>
  <testcase name="validateLoginPageTitleTest" time="9.090" classname="com.classicCrm.qa.test.LoginPageClassicCrmTest"/>
</testsuite> <!-- com.classicCrm.qa.test.LoginPageClassicCrmTest -->
