<?xml version="1.0" encoding="UTF-8"?>
<!-- Generated by org.testng.reporters.JUnitReportReporter -->
<testsuite hostname="AKSHAYKALLURWAR" name="com.classicCrm.qa.test.CreatedDealVerificationPageClassicCrmTest" tests="4" failures="0" timestamp="5 Apr 2020 19:26:06 GMT" time="108.587" errors="0">
  <testcase name="createdDealNumberMatchTest" time="26.586" classname="com.classicCrm.qa.test.CreatedDealVerificationPageClassicCrmTest"/>
  <testcase name="validateHeaderLinksPresentTest" time="26.967" classname="com.classicCrm.qa.test.CreatedDealVerificationPageClassicCrmTest"/>
  <testcase name="validateHeaderLinksPresentTest" time="27.554" classname="com.classicCrm.qa.test.CreatedDealVerificationPageClassicCrmTest"/>
  <testcase name="createdDealNumberMatchTest" time="27.480" classname="com.classicCrm.qa.test.CreatedDealVerificationPageClassicCrmTest"/>
</testsuite> <!-- com.classicCrm.qa.test.CreatedDealVerificationPageClassicCrmTest -->
