<?xml version="1.0" encoding="UTF-8"?>
<!-- Generated by org.testng.reporters.JUnitReportReporter -->
<testsuite hostname="AKSHAYKALLURWAR" name="com.classicCrm.qa.test.ContactsPageClassicCrmTest" tests="3" failures="0" timestamp="5 Apr 2020 19:26:06 GMT" time="83.052" errors="0">
  <testcase name="selectContactByNameTest" time="20.228" classname="com.classicCrm.qa.test.ContactsPageClassicCrmTest"/>
  <testcase name="selectMultipleContactsByNameTest" time="41.239" classname="com.classicCrm.qa.test.ContactsPageClassicCrmTest"/>
  <testcase name="validateContactsTableHeadingTest" time="21.585" classname="com.classicCrm.qa.test.ContactsPageClassicCrmTest"/>
</testsuite> <!-- com.classicCrm.qa.test.ContactsPageClassicCrmTest -->
