<?xml version="1.0" encoding="UTF-8"?>
<!-- Generated by org.testng.reporters.JUnitReportReporter -->
<testsuite hostname="AKSHAYKALLURWAR" name="com.classicCrm.qa.test.CreateNewDealsPageClassicCrmTest" tests="2" failures="0" timestamp="5 Apr 2020 19:26:06 GMT" time="71.694" errors="0">
  <testcase name="validateCreateNewDealTest" time="26.818" classname="com.classicCrm.qa.test.CreateNewDealsPageClassicCrmTest"/>
  <testcase name="validateCreateNewDealTest" time="44.876" classname="com.classicCrm.qa.test.CreateNewDealsPageClassicCrmTest"/>
</testsuite> <!-- com.classicCrm.qa.test.CreateNewDealsPageClassicCrmTest -->
